{
  "RSpec": {
    "coverage": {
      "/Users/Allie/Ada/rails_projects/ship_it/app/helpers/application_helper.rb": [
        1,
        null
      ],
      "/Users/Allie/Ada/rails_projects/ship_it/app/controllers/quotes_controller.rb": [
        1,
        1,
        1,
        1,
        null,
        1,
        null,
        9,
        3,
        null,
        6,
        6,
        6,
        6,
        null,
        9,
        null,
        null,
        null,
        1,
        1,
        1,
        null,
        null,
        null,
        1,
        6,
        6,
        36,
        null,
        null,
        1,
        6,
        6,
        6,
        null,
        null,
        1,
        6,
        6,
        12,
        null,
        null,
        null
      ],
      "/Users/Allie/Ada/rails_projects/ship_it/app/controllers/application_controller.rb": [
        1,
        null,
        null,
        1,
        null
      ],
      "/Users/Allie/Ada/rails_projects/ship_it/app/models/quote.rb": [
        1,
        null
      ],
      "/Users/Allie/Ada/rails_projects/ship_it/app/models/request.rb": [
        1,
        1,
        null
      ]
    },
    "timestamp": 1419013944
  }
}
