{
  "RSpec": {
    "coverage": {
      "/Users/Allie/Ada/rails_projects/ship_it/app/helpers/application_helper.rb": [
        1,
        null
      ],
      "/Users/Allie/Ada/rails_projects/ship_it/app/controllers/quotes_controller.rb": [
        1,
        1,
        null,
        1,
        8,
        3,
        null,
        5,
        5,
        5,
        5,
        null,
        null,
        null,
        1,
        5,
        5,
        145,
        null,
        null,
        1,
        5,
        5,
        5,
        null,
        null,
        1,
        5,
        5,
        40,
        null,
        null,
        null
      ],
      "/Users/Allie/Ada/rails_projects/ship_it/app/controllers/application_controller.rb": [
        1,
        null,
        null,
        1,
        null
      ],
      "/Users/Allie/Ada/rails_projects/ship_it/app/models/quote.rb": [
        1,
        null
      ]
    },
    "timestamp": 1418855278
  }
}
